<?xml version="1.0" encoding="UTF-8"?>
<!-- Generated by org.testng.reporters.JUnitReportReporter -->
<testsuite hostname="DESKTOP-N2T4M5F" failures="0" tests="1" name="testcases.Mobilesort_Test" time="23.074" errors="0" timestamp="2022-11-04T22:41:31 IST" skipped="0">
  <testcase classname="testcases.Mobilesort_Test" name="tp01_VerifyMobilePage" time="23.074"/>
  <system-out/>
</testsuite> <!-- testcases.Mobilesort_Test -->
